{"D:\\best\\github\\FirstProject\\TaskTracker-nginx\\router\\router.js": {"path":"D:\\best\\github\\FirstProject\\TaskTracker-nginx\\router\\router.js","statementMap":{"0":{"start":{"line":1,"column":15},"end":{"line":1,"column":30}},"1":{"start":{"line":2,"column":16},"end":{"line":2,"column":34}},"2":{"start":{"line":3,"column":15},"end":{"line":3,"column":31}},"3":{"start":{"line":4,"column":22},"end":{"line":4,"column":41}},"4":{"start":{"line":5,"column":16},"end":{"line":5,"column":38}},"5":{"start":{"line":6,"column":15},"end":{"line":6,"column":34}},"6":{"start":{"line":7,"column":14},"end":{"line":7,"column":37}},"7":{"start":{"line":8,"column":20},"end":{"line":8,"column":37}},"8":{"start":{"line":9,"column":16},"end":{"line":9,"column":32}},"9":{"start":{"line":10,"column":22},"end":{"line":10,"column":44}},"10":{"start":{"line":12,"column":23},"end":{"line":12,"column":66}},"11":{"start":{"line":13,"column":17},"end":{"line":13,"column":37}},"12":{"start":{"line":16,"column":19},"end":{"line":18,"column":1}},"13":{"start":{"line":17,"column":2},"end":{"line":17,"column":63}},"14":{"start":{"line":21,"column":19},"end":{"line":24,"column":1}},"15":{"start":{"line":22,"column":16},"end":{"line":22,"column":59}},"16":{"start":{"line":23,"column":2},"end":{"line":23,"column":43}},"17":{"start":{"line":32,"column":24},"end":{"line":90,"column":1}},"18":{"start":{"line":33,"column":16},"end":{"line":33,"column":77}},"19":{"start":{"line":34,"column":23},"end":{"line":34,"column":47}},"20":{"start":{"line":36,"column":2},"end":{"line":58,"column":3}},"21":{"start":{"line":38,"column":4},"end":{"line":57,"column":5}},"22":{"start":{"line":39,"column":6},"end":{"line":54,"column":9}},"23":{"start":{"line":40,"column":8},"end":{"line":43,"column":9}},"24":{"start":{"line":41,"column":10},"end":{"line":41,"column":55}},"25":{"start":{"line":42,"column":10},"end":{"line":42,"column":40}},"26":{"start":{"line":46,"column":33},"end":{"line":46,"column":37}},"27":{"start":{"line":47,"column":25},"end":{"line":47,"column":83}},"28":{"start":{"line":50,"column":8},"end":{"line":50,"column":109}},"29":{"start":{"line":51,"column":8},"end":{"line":51,"column":24}},"30":{"start":{"line":53,"column":8},"end":{"line":53,"column":22}},"31":{"start":{"line":56,"column":6},"end":{"line":56,"column":36}},"32":{"start":{"line":60,"column":2},"end":{"line":89,"column":5}},"33":{"start":{"line":61,"column":4},"end":{"line":83,"column":5}},"34":{"start":{"line":62,"column":6},"end":{"line":62,"column":50}},"35":{"start":{"line":64,"column":6},"end":{"line":82,"column":7}},"36":{"start":{"line":65,"column":8},"end":{"line":79,"column":11}},"37":{"start":{"line":66,"column":10},"end":{"line":69,"column":11}},"38":{"start":{"line":67,"column":12},"end":{"line":67,"column":57}},"39":{"start":{"line":68,"column":12},"end":{"line":68,"column":42}},"40":{"start":{"line":71,"column":35},"end":{"line":71,"column":39}},"41":{"start":{"line":72,"column":27},"end":{"line":72,"column":85}},"42":{"start":{"line":75,"column":10},"end":{"line":75,"column":111}},"43":{"start":{"line":76,"column":10},"end":{"line":76,"column":26}},"44":{"start":{"line":78,"column":10},"end":{"line":78,"column":24}},"45":{"start":{"line":81,"column":8},"end":{"line":81,"column":38}},"46":{"start":{"line":86,"column":4},"end":{"line":86,"column":20}},"47":{"start":{"line":87,"column":4},"end":{"line":87,"column":26}},"48":{"start":{"line":88,"column":4},"end":{"line":88,"column":11}},"49":{"start":{"line":91,"column":20},"end":{"line":112,"column":1}},"50":{"start":{"line":92,"column":2},"end":{"line":111,"column":5}},"51":{"start":{"line":93,"column":31},"end":{"line":102,"column":7}},"52":{"start":{"line":103,"column":6},"end":{"line":110,"column":9}},"53":{"start":{"line":104,"column":10},"end":{"line":109,"column":11}},"54":{"start":{"line":105,"column":14},"end":{"line":105,"column":58}},"55":{"start":{"line":106,"column":14},"end":{"line":106,"column":26}},"56":{"start":{"line":108,"column":14},"end":{"line":108,"column":30}},"57":{"start":{"line":113,"column":26},"end":{"line":134,"column":1}},"58":{"start":{"line":114,"column":2},"end":{"line":133,"column":5}},"59":{"start":{"line":115,"column":31},"end":{"line":124,"column":7}},"60":{"start":{"line":125,"column":6},"end":{"line":132,"column":9}},"61":{"start":{"line":126,"column":10},"end":{"line":131,"column":11}},"62":{"start":{"line":127,"column":14},"end":{"line":127,"column":58}},"63":{"start":{"line":128,"column":14},"end":{"line":128,"column":26}},"64":{"start":{"line":130,"column":14},"end":{"line":130,"column":30}},"65":{"start":{"line":135,"column":0},"end":{"line":135,"column":33}},"66":{"start":{"line":138,"column":2},"end":{"line":145,"column":7}},"67":{"start":{"line":139,"column":26},"end":{"line":139,"column":56}},"68":{"start":{"line":140,"column":4},"end":{"line":140,"column":30}},"69":{"start":{"line":141,"column":4},"end":{"line":141,"column":26}},"70":{"start":{"line":144,"column":8},"end":{"line":144,"column":66}},"71":{"start":{"line":147,"column":0},"end":{"line":209,"column":5}},"72":{"start":{"line":148,"column":4},"end":{"line":208,"column":5}},"73":{"start":{"line":149,"column":19},"end":{"line":149,"column":33}},"74":{"start":{"line":150,"column":27},"end":{"line":150,"column":51}},"75":{"start":{"line":151,"column":6},"end":{"line":151,"column":44}},"76":{"start":{"line":155,"column":6},"end":{"line":157,"column":7}},"77":{"start":{"line":156,"column":8},"end":{"line":156,"column":49}},"78":{"start":{"line":159,"column":28},"end":{"line":171,"column":8}},"79":{"start":{"line":174,"column":41},"end":{"line":174,"column":59}},"80":{"start":{"line":175,"column":7},"end":{"line":175,"column":33}},"81":{"start":{"line":177,"column":23},"end":{"line":179,"column":8}},"82":{"start":{"line":180,"column":21},"end":{"line":180,"column":38}},"83":{"start":{"line":181,"column":15},"end":{"line":181,"column":32}},"84":{"start":{"line":182,"column":6},"end":{"line":182,"column":22}},"85":{"start":{"line":183,"column":26},"end":{"line":183,"column":84}},"86":{"start":{"line":184,"column":6},"end":{"line":189,"column":9}},"87":{"start":{"line":191,"column":6},"end":{"line":191,"column":36}},"88":{"start":{"line":197,"column":6},"end":{"line":197,"column":21}},"89":{"start":{"line":198,"column":6},"end":{"line":198,"column":36}},"90":{"start":{"line":199,"column":6},"end":{"line":199,"column":31}},"91":{"start":{"line":200,"column":6},"end":{"line":200,"column":45}},"92":{"start":{"line":201,"column":6},"end":{"line":201,"column":33}},"93":{"start":{"line":203,"column":6},"end":{"line":203,"column":25}},"94":{"start":{"line":204,"column":6},"end":{"line":204,"column":21}},"95":{"start":{"line":205,"column":6},"end":{"line":205,"column":26}},"96":{"start":{"line":206,"column":6},"end":{"line":206,"column":45}},"97":{"start":{"line":207,"column":6},"end":{"line":207,"column":24}},"98":{"start":{"line":210,"column":2},"end":{"line":277,"column":3}},"99":{"start":{"line":211,"column":16},"end":{"line":211,"column":32}},"100":{"start":{"line":213,"column":19},"end":{"line":213,"column":20}},"101":{"start":{"line":214,"column":4},"end":{"line":214,"column":23}},"102":{"start":{"line":215,"column":4},"end":{"line":222,"column":10}},"103":{"start":{"line":216,"column":6},"end":{"line":222,"column":7}},"104":{"start":{"line":217,"column":8},"end":{"line":217,"column":52}},"105":{"start":{"line":219,"column":8},"end":{"line":219,"column":25}},"106":{"start":{"line":220,"column":8},"end":{"line":220,"column":31}},"107":{"start":{"line":221,"column":8},"end":{"line":221,"column":36}},"108":{"start":{"line":223,"column":4},"end":{"line":223,"column":38}},"109":{"start":{"line":224,"column":4},"end":{"line":224,"column":29}},"110":{"start":{"line":231,"column":4},"end":{"line":231,"column":23}},"111":{"start":{"line":232,"column":22},"end":{"line":232,"column":41}},"112":{"start":{"line":233,"column":6},"end":{"line":233,"column":29}},"113":{"start":{"line":234,"column":15},"end":{"line":234,"column":16}},"114":{"start":{"line":235,"column":6},"end":{"line":276,"column":6}},"115":{"start":{"line":236,"column":8},"end":{"line":236,"column":29}},"116":{"start":{"line":237,"column":8},"end":{"line":276,"column":3}},"117":{"start":{"line":239,"column":24},"end":{"line":239,"column":106}},"118":{"start":{"line":240,"column":31},"end":{"line":244,"column":11}},"119":{"start":{"line":245,"column":10},"end":{"line":245,"column":84}},"120":{"start":{"line":246,"column":10},"end":{"line":246,"column":120}},"121":{"start":{"line":247,"column":10},"end":{"line":247,"column":40}},"122":{"start":{"line":250,"column":8},"end":{"line":250,"column":36}},"123":{"start":{"line":251,"column":10},"end":{"line":251,"column":35}},"124":{"start":{"line":252,"column":10},"end":{"line":252,"column":42}},"125":{"start":{"line":253,"column":6},"end":{"line":273,"column":9}},"126":{"start":{"line":261,"column":8},"end":{"line":261,"column":32}},"127":{"start":{"line":261,"column":15},"end":{"line":261,"column":32}},"128":{"start":{"line":262,"column":10},"end":{"line":262,"column":45}},"129":{"start":{"line":263,"column":24},"end":{"line":263,"column":88}},"130":{"start":{"line":264,"column":31},"end":{"line":268,"column":11}},"131":{"start":{"line":269,"column":10},"end":{"line":269,"column":84}},"132":{"start":{"line":270,"column":10},"end":{"line":270,"column":121}},"133":{"start":{"line":271,"column":10},"end":{"line":271,"column":40}},"134":{"start":{"line":279,"column":2},"end":{"line":284,"column":5}},"135":{"start":{"line":280,"column":6},"end":{"line":283,"column":9}},"136":{"start":{"line":281,"column":10},"end":{"line":281,"column":38}},"137":{"start":{"line":281,"column":19},"end":{"line":281,"column":38}},"138":{"start":{"line":282,"column":10},"end":{"line":282,"column":27}},"139":{"start":{"line":286,"column":0},"end":{"line":302,"column":5}},"140":{"start":{"line":288,"column":4},"end":{"line":301,"column":3}},"141":{"start":{"line":288,"column":30},"end":{"line":288,"column":53}},"142":{"start":{"line":290,"column":4},"end":{"line":300,"column":5}},"143":{"start":{"line":291,"column":6},"end":{"line":296,"column":5}},"144":{"start":{"line":292,"column":22},"end":{"line":292,"column":57}},"145":{"start":{"line":293,"column":7},"end":{"line":293,"column":56}},"146":{"start":{"line":295,"column":8},"end":{"line":295,"column":18}},"147":{"start":{"line":299,"column":6},"end":{"line":299,"column":29}},"148":{"start":{"line":303,"column":2},"end":{"line":344,"column":5}},"149":{"start":{"line":304,"column":4},"end":{"line":304,"column":71}},"150":{"start":{"line":305,"column":19},"end":{"line":305,"column":32}},"151":{"start":{"line":306,"column":4},"end":{"line":308,"column":5}},"152":{"start":{"line":307,"column":8},"end":{"line":307,"column":70}},"153":{"start":{"line":311,"column":4},"end":{"line":343,"column":8}},"154":{"start":{"line":312,"column":8},"end":{"line":315,"column":9}},"155":{"start":{"line":313,"column":12},"end":{"line":313,"column":57}},"156":{"start":{"line":314,"column":12},"end":{"line":314,"column":76}},"157":{"start":{"line":316,"column":8},"end":{"line":343,"column":5}},"158":{"start":{"line":316,"column":30},"end":{"line":316,"column":87}},"159":{"start":{"line":318,"column":25},"end":{"line":318,"column":40}},"160":{"start":{"line":321,"column":8},"end":{"line":342,"column":11}},"161":{"start":{"line":322,"column":12},"end":{"line":325,"column":13}},"162":{"start":{"line":323,"column":16},"end":{"line":323,"column":59}},"163":{"start":{"line":324,"column":16},"end":{"line":324,"column":78}},"164":{"start":{"line":327,"column":12},"end":{"line":329,"column":13}},"165":{"start":{"line":328,"column":16},"end":{"line":328,"column":73}},"166":{"start":{"line":332,"column":35},"end":{"line":332,"column":73}},"167":{"start":{"line":333,"column":12},"end":{"line":341,"column":15}},"168":{"start":{"line":334,"column":16},"end":{"line":337,"column":17}},"169":{"start":{"line":335,"column":20},"end":{"line":335,"column":64}},"170":{"start":{"line":336,"column":20},"end":{"line":336,"column":88}},"171":{"start":{"line":338,"column":16},"end":{"line":338,"column":105}},"172":{"start":{"line":345,"column":2},"end":{"line":347,"column":4}},"173":{"start":{"line":346,"column":4},"end":{"line":346,"column":35}},"174":{"start":{"line":348,"column":2},"end":{"line":350,"column":4}},"175":{"start":{"line":349,"column":4},"end":{"line":349,"column":37}},"176":{"start":{"line":351,"column":2},"end":{"line":372,"column":5}},"177":{"start":{"line":352,"column":4},"end":{"line":352,"column":29}},"178":{"start":{"line":353,"column":4},"end":{"line":353,"column":36}},"179":{"start":{"line":354,"column":4},"end":{"line":354,"column":28}},"180":{"start":{"line":355,"column":4},"end":{"line":361,"column":5}},"181":{"start":{"line":356,"column":6},"end":{"line":360,"column":7}},"182":{"start":{"line":357,"column":10},"end":{"line":357,"column":50}},"183":{"start":{"line":359,"column":10},"end":{"line":359,"column":61}},"184":{"start":{"line":362,"column":4},"end":{"line":362,"column":22}},"185":{"start":{"line":373,"column":2},"end":{"line":401,"column":5}},"186":{"start":{"line":374,"column":22},"end":{"line":374,"column":35}},"187":{"start":{"line":375,"column":13},"end":{"line":375,"column":14}},"188":{"start":{"line":376,"column":4},"end":{"line":376,"column":20}},"189":{"start":{"line":377,"column":4},"end":{"line":377,"column":23}},"190":{"start":{"line":378,"column":19},"end":{"line":378,"column":56}},"191":{"start":{"line":379,"column":4},"end":{"line":381,"column":5}},"192":{"start":{"line":380,"column":6},"end":{"line":380,"column":61}},"193":{"start":{"line":382,"column":4},"end":{"line":400,"column":5}},"194":{"start":{"line":383,"column":4},"end":{"line":400,"column":3}},"195":{"start":{"line":384,"column":6},"end":{"line":384,"column":31}},"196":{"start":{"line":385,"column":6},"end":{"line":385,"column":38}},"197":{"start":{"line":386,"column":6},"end":{"line":395,"column":9}},"198":{"start":{"line":387,"column":8},"end":{"line":394,"column":9}},"199":{"start":{"line":388,"column":10},"end":{"line":388,"column":31}},"200":{"start":{"line":389,"column":10},"end":{"line":389,"column":54}},"201":{"start":{"line":390,"column":12},"end":{"line":390,"column":61}},"202":{"start":{"line":392,"column":10},"end":{"line":392,"column":33}},"203":{"start":{"line":393,"column":10},"end":{"line":393,"column":81}},"204":{"start":{"line":397,"column":6},"end":{"line":397,"column":30}},"205":{"start":{"line":398,"column":6},"end":{"line":398,"column":68}},"206":{"start":{"line":402,"column":2},"end":{"line":404,"column":5}},"207":{"start":{"line":403,"column":6},"end":{"line":403,"column":38}},"208":{"start":{"line":405,"column":16},"end":{"line":462,"column":1}},"209":{"start":{"line":463,"column":13},"end":{"line":512,"column":1}},"210":{"start":{"line":514,"column":2},"end":{"line":526,"column":4}},"211":{"start":{"line":515,"column":18},"end":{"line":515,"column":35}},"212":{"start":{"line":516,"column":18},"end":{"line":516,"column":43}},"213":{"start":{"line":517,"column":4},"end":{"line":525,"column":5}},"214":{"start":{"line":518,"column":6},"end":{"line":522,"column":9}},"215":{"start":{"line":519,"column":8},"end":{"line":519,"column":29}},"216":{"start":{"line":520,"column":8},"end":{"line":520,"column":68}},"217":{"start":{"line":521,"column":8},"end":{"line":521,"column":35}},"218":{"start":{"line":524,"column":6},"end":{"line":524,"column":93}},"219":{"start":{"line":527,"column":2},"end":{"line":560,"column":4}},"220":{"start":{"line":528,"column":20},"end":{"line":528,"column":37}},"221":{"start":{"line":529,"column":18},"end":{"line":529,"column":43}},"222":{"start":{"line":530,"column":20},"end":{"line":530,"column":49}},"223":{"start":{"line":531,"column":18},"end":{"line":531,"column":43}},"224":{"start":{"line":532,"column":4},"end":{"line":558,"column":5}},"225":{"start":{"line":533,"column":6},"end":{"line":533,"column":27}},"226":{"start":{"line":534,"column":6},"end":{"line":534,"column":29}},"227":{"start":{"line":535,"column":6},"end":{"line":535,"column":41}},"228":{"start":{"line":536,"column":6},"end":{"line":536,"column":25}},"229":{"start":{"line":537,"column":6},"end":{"line":537,"column":123}},"230":{"start":{"line":539,"column":6},"end":{"line":557,"column":7}},"231":{"start":{"line":540,"column":8},"end":{"line":544,"column":9}},"232":{"start":{"line":541,"column":10},"end":{"line":541,"column":32}},"233":{"start":{"line":542,"column":10},"end":{"line":542,"column":27}},"234":{"start":{"line":543,"column":12},"end":{"line":543,"column":48}},"235":{"start":{"line":545,"column":8},"end":{"line":555,"column":11}},"236":{"start":{"line":546,"column":10},"end":{"line":546,"column":69}},"237":{"start":{"line":547,"column":10},"end":{"line":547,"column":31}},"238":{"start":{"line":548,"column":10},"end":{"line":548,"column":33}},"239":{"start":{"line":549,"column":10},"end":{"line":549,"column":63}},"240":{"start":{"line":550,"column":10},"end":{"line":554,"column":13}},"241":{"start":{"line":551,"column":12},"end":{"line":551,"column":33}},"242":{"start":{"line":552,"column":12},"end":{"line":552,"column":72}},"243":{"start":{"line":553,"column":12},"end":{"line":553,"column":106}},"244":{"start":{"line":561,"column":2},"end":{"line":602,"column":4}},"245":{"start":{"line":562,"column":4},"end":{"line":601,"column":5}},"246":{"start":{"line":563,"column":21},"end":{"line":563,"column":38}},"247":{"start":{"line":564,"column":21},"end":{"line":564,"column":38}},"248":{"start":{"line":565,"column":6},"end":{"line":598,"column":7}},"249":{"start":{"line":566,"column":8},"end":{"line":598,"column":5}},"250":{"start":{"line":567,"column":10},"end":{"line":567,"column":54}},"251":{"start":{"line":568,"column":10},"end":{"line":568,"column":40}},"252":{"start":{"line":570,"column":13},"end":{"line":598,"column":5}},"253":{"start":{"line":571,"column":10},"end":{"line":571,"column":24}},"254":{"start":{"line":572,"column":10},"end":{"line":572,"column":33}},"255":{"start":{"line":575,"column":22},"end":{"line":575,"column":72}},"256":{"start":{"line":576,"column":10},"end":{"line":597,"column":9}},"257":{"start":{"line":577,"column":12},"end":{"line":577,"column":26}},"258":{"start":{"line":578,"column":12},"end":{"line":578,"column":35}},"259":{"start":{"line":580,"column":15},"end":{"line":597,"column":9}},"260":{"start":{"line":581,"column":13},"end":{"line":581,"column":31}},"261":{"start":{"line":582,"column":10},"end":{"line":582,"column":54}},"262":{"start":{"line":583,"column":12},"end":{"line":583,"column":35}},"263":{"start":{"line":586,"column":26},"end":{"line":586,"column":109}},"264":{"start":{"line":587,"column":33},"end":{"line":591,"column":13}},"265":{"start":{"line":592,"column":12},"end":{"line":592,"column":44}},"266":{"start":{"line":593,"column":12},"end":{"line":593,"column":86}},"267":{"start":{"line":594,"column":12},"end":{"line":594,"column":123}},"268":{"start":{"line":595,"column":12},"end":{"line":595,"column":34}},"269":{"start":{"line":596,"column":12},"end":{"line":596,"column":35}},"270":{"start":{"line":603,"column":2},"end":{"line":603,"column":24}},"271":{"start":{"line":604,"column":2},"end":{"line":604,"column":32}}},"fnMap":{"0":{"name":"(anonymous_0)","decl":{"start":{"line":16,"column":19},"end":{"line":16,"column":20}},"loc":{"start":{"line":16,"column":34},"end":{"line":18,"column":1}},"line":16},"1":{"name":"(anonymous_1)","decl":{"start":{"line":21,"column":19},"end":{"line":21,"column":20}},"loc":{"start":{"line":21,"column":35},"end":{"line":24,"column":1}},"line":21},"2":{"name":"(anonymous_2)","decl":{"start":{"line":32,"column":24},"end":{"line":32,"column":25}},"loc":{"start":{"line":32,"column":44},"end":{"line":90,"column":1}},"line":32},"3":{"name":"(anonymous_3)","decl":{"start":{"line":39,"column":49},"end":{"line":39,"column":50}},"loc":{"start":{"line":39,"column":64},"end":{"line":54,"column":7}},"line":39},"4":{"name":"(anonymous_4)","decl":{"start":{"line":60,"column":31},"end":{"line":60,"column":32}},"loc":{"start":{"line":60,"column":46},"end":{"line":89,"column":3}},"line":60},"5":{"name":"(anonymous_5)","decl":{"start":{"line":65,"column":51},"end":{"line":65,"column":52}},"loc":{"start":{"line":65,"column":66},"end":{"line":79,"column":9}},"line":65},"6":{"name":"(anonymous_6)","decl":{"start":{"line":91,"column":20},"end":{"line":91,"column":21}},"loc":{"start":{"line":91,"column":35},"end":{"line":112,"column":1}},"line":91},"7":{"name":"(anonymous_7)","decl":{"start":{"line":92,"column":21},"end":{"line":92,"column":22}},"loc":{"start":{"line":92,"column":42},"end":{"line":111,"column":3}},"line":92},"8":{"name":"(anonymous_8)","decl":{"start":{"line":103,"column":41},"end":{"line":103,"column":42}},"loc":{"start":{"line":103,"column":58},"end":{"line":110,"column":7}},"line":103},"9":{"name":"(anonymous_9)","decl":{"start":{"line":113,"column":26},"end":{"line":113,"column":27}},"loc":{"start":{"line":113,"column":41},"end":{"line":134,"column":1}},"line":113},"10":{"name":"(anonymous_10)","decl":{"start":{"line":114,"column":21},"end":{"line":114,"column":22}},"loc":{"start":{"line":114,"column":42},"end":{"line":133,"column":3}},"line":114},"11":{"name":"(anonymous_11)","decl":{"start":{"line":125,"column":41},"end":{"line":125,"column":42}},"loc":{"start":{"line":125,"column":58},"end":{"line":132,"column":7}},"line":125},"12":{"name":"hashPassword","decl":{"start":{"line":137,"column":15},"end":{"line":137,"column":27}},"loc":{"start":{"line":137,"column":38},"end":{"line":146,"column":3}},"line":137},"13":{"name":"(anonymous_13)","decl":{"start":{"line":147,"column":36},"end":{"line":147,"column":37}},"loc":{"start":{"line":147,"column":62},"end":{"line":209,"column":3}},"line":147},"14":{"name":"(anonymous_14)","decl":{"start":{"line":210,"column":27},"end":{"line":210,"column":28}},"loc":{"start":{"line":210,"column":41},"end":{"line":277,"column":1}},"line":210},"15":{"name":"(anonymous_15)","decl":{"start":{"line":215,"column":33},"end":{"line":215,"column":34}},"loc":{"start":{"line":215,"column":48},"end":{"line":222,"column":8}},"line":215},"16":{"name":"(anonymous_16)","decl":{"start":{"line":235,"column":74},"end":{"line":235,"column":75}},"loc":{"start":{"line":235,"column":98},"end":{"line":276,"column":4}},"line":235},"17":{"name":"(anonymous_17)","decl":{"start":{"line":253,"column":83},"end":{"line":253,"column":84}},"loc":{"start":{"line":253,"column":107},"end":{"line":273,"column":7}},"line":253},"18":{"name":"queryDB","decl":{"start":{"line":278,"column":9},"end":{"line":278,"column":16}},"loc":{"start":{"line":278,"column":22},"end":{"line":285,"column":1}},"line":278},"19":{"name":"(anonymous_19)","decl":{"start":{"line":279,"column":21},"end":{"line":279,"column":22}},"loc":{"start":{"line":279,"column":42},"end":{"line":284,"column":3}},"line":279},"20":{"name":"(anonymous_20)","decl":{"start":{"line":280,"column":28},"end":{"line":280,"column":29}},"loc":{"start":{"line":280,"column":46},"end":{"line":283,"column":7}},"line":280},"21":{"name":"(anonymous_21)","decl":{"start":{"line":286,"column":37},"end":{"line":286,"column":38}},"loc":{"start":{"line":286,"column":54},"end":{"line":302,"column":3}},"line":286},"22":{"name":"(anonymous_22)","decl":{"start":{"line":303,"column":45},"end":{"line":303,"column":46}},"loc":{"start":{"line":303,"column":59},"end":{"line":344,"column":3}},"line":303},"23":{"name":"(anonymous_23)","decl":{"start":{"line":311,"column":69},"end":{"line":311,"column":70}},"loc":{"start":{"line":311,"column":87},"end":{"line":343,"column":6}},"line":311},"24":{"name":"(anonymous_24)","decl":{"start":{"line":321,"column":68},"end":{"line":321,"column":69}},"loc":{"start":{"line":321,"column":86},"end":{"line":342,"column":9}},"line":321},"25":{"name":"(anonymous_25)","decl":{"start":{"line":333,"column":45},"end":{"line":333,"column":46}},"loc":{"start":{"line":333,"column":63},"end":{"line":341,"column":13}},"line":333},"26":{"name":"(anonymous_26)","decl":{"start":{"line":345,"column":17},"end":{"line":345,"column":18}},"loc":{"start":{"line":345,"column":28},"end":{"line":347,"column":3}},"line":345},"27":{"name":"(anonymous_27)","decl":{"start":{"line":348,"column":23},"end":{"line":348,"column":24}},"loc":{"start":{"line":348,"column":39},"end":{"line":350,"column":3}},"line":348},"28":{"name":"(anonymous_28)","decl":{"start":{"line":351,"column":39},"end":{"line":351,"column":40}},"loc":{"start":{"line":351,"column":55},"end":{"line":372,"column":3}},"line":351},"29":{"name":"(anonymous_29)","decl":{"start":{"line":355,"column":24},"end":{"line":355,"column":25}},"loc":{"start":{"line":355,"column":43},"end":{"line":361,"column":3}},"line":355},"30":{"name":"(anonymous_30)","decl":{"start":{"line":373,"column":31},"end":{"line":373,"column":32}},"loc":{"start":{"line":373,"column":51},"end":{"line":401,"column":3}},"line":373},"31":{"name":"(anonymous_31)","decl":{"start":{"line":382,"column":74},"end":{"line":382,"column":75}},"loc":{"start":{"line":382,"column":98},"end":{"line":400,"column":4}},"line":382},"32":{"name":"(anonymous_32)","decl":{"start":{"line":386,"column":112},"end":{"line":386,"column":113}},"loc":{"start":{"line":386,"column":130},"end":{"line":395,"column":7}},"line":386},"33":{"name":"(anonymous_33)","decl":{"start":{"line":402,"column":22},"end":{"line":402,"column":23}},"loc":{"start":{"line":402,"column":39},"end":{"line":404,"column":3}},"line":402},"34":{"name":"(anonymous_34)","decl":{"start":{"line":514,"column":42},"end":{"line":514,"column":43}},"loc":{"start":{"line":514,"column":59},"end":{"line":526,"column":3}},"line":514},"35":{"name":"(anonymous_35)","decl":{"start":{"line":518,"column":68},"end":{"line":518,"column":69}},"loc":{"start":{"line":518,"column":81},"end":{"line":522,"column":7}},"line":518},"36":{"name":"(anonymous_36)","decl":{"start":{"line":527,"column":39},"end":{"line":527,"column":40}},"loc":{"start":{"line":527,"column":59},"end":{"line":559,"column":3}},"line":527},"37":{"name":"(anonymous_37)","decl":{"start":{"line":539,"column":76},"end":{"line":539,"column":77}},"loc":{"start":{"line":539,"column":94},"end":{"line":557,"column":5}},"line":539},"38":{"name":"(anonymous_38)","decl":{"start":{"line":545,"column":81},"end":{"line":545,"column":82}},"loc":{"start":{"line":545,"column":98},"end":{"line":555,"column":9}},"line":545},"39":{"name":"(anonymous_39)","decl":{"start":{"line":550,"column":72},"end":{"line":550,"column":73}},"loc":{"start":{"line":550,"column":85},"end":{"line":554,"column":11}},"line":550},"40":{"name":"(anonymous_40)","decl":{"start":{"line":561,"column":23},"end":{"line":561,"column":24}},"loc":{"start":{"line":561,"column":40},"end":{"line":602,"column":3}},"line":561},"41":{"name":"(anonymous_41)","decl":{"start":{"line":565,"column":72},"end":{"line":565,"column":73}},"loc":{"start":{"line":565,"column":96},"end":{"line":598,"column":6}},"line":565}},"branchMap":{"0":{"loc":{"start":{"line":33,"column":16},"end":{"line":33,"column":77}},"type":"binary-expr","locations":[{"start":{"line":33,"column":16},"end":{"line":33,"column":33}},{"start":{"line":33,"column":37},"end":{"line":33,"column":77}}],"line":33},"1":{"loc":{"start":{"line":36,"column":2},"end":{"line":58,"column":3}},"type":"if","locations":[{"start":{"line":36,"column":2},"end":{"line":58,"column":3}},{"start":{},"end":{}}],"line":36},"2":{"loc":{"start":{"line":38,"column":4},"end":{"line":57,"column":5}},"type":"if","locations":[{"start":{"line":38,"column":4},"end":{"line":57,"column":5}},{"start":{"line":55,"column":11},"end":{"line":57,"column":5}}],"line":38},"3":{"loc":{"start":{"line":40,"column":8},"end":{"line":43,"column":9}},"type":"if","locations":[{"start":{"line":40,"column":8},"end":{"line":43,"column":9}},{"start":{},"end":{}}],"line":40},"4":{"loc":{"start":{"line":61,"column":4},"end":{"line":83,"column":5}},"type":"if","locations":[{"start":{"line":61,"column":4},"end":{"line":83,"column":5}},{"start":{},"end":{}}],"line":61},"5":{"loc":{"start":{"line":64,"column":6},"end":{"line":82,"column":7}},"type":"if","locations":[{"start":{"line":64,"column":6},"end":{"line":82,"column":7}},{"start":{"line":80,"column":13},"end":{"line":82,"column":7}}],"line":64},"6":{"loc":{"start":{"line":66,"column":10},"end":{"line":69,"column":11}},"type":"if","locations":[{"start":{"line":66,"column":10},"end":{"line":69,"column":11}},{"start":{},"end":{}}],"line":66},"7":{"loc":{"start":{"line":104,"column":10},"end":{"line":109,"column":11}},"type":"if","locations":[{"start":{"line":104,"column":10},"end":{"line":109,"column":11}},{"start":{"line":107,"column":17},"end":{"line":109,"column":11}}],"line":104},"8":{"loc":{"start":{"line":126,"column":10},"end":{"line":131,"column":11}},"type":"if","locations":[{"start":{"line":126,"column":10},"end":{"line":131,"column":11}},{"start":{"line":129,"column":17},"end":{"line":131,"column":11}}],"line":126},"9":{"loc":{"start":{"line":155,"column":6},"end":{"line":157,"column":7}},"type":"if","locations":[{"start":{"line":155,"column":6},"end":{"line":157,"column":7}},{"start":{},"end":{}}],"line":155},"10":{"loc":{"start":{"line":216,"column":6},"end":{"line":222,"column":7}},"type":"if","locations":[{"start":{"line":216,"column":6},"end":{"line":222,"column":7}},{"start":{"line":218,"column":11},"end":{"line":222,"column":7}}],"line":216},"11":{"loc":{"start":{"line":237,"column":8},"end":{"line":276,"column":3}},"type":"if","locations":[{"start":{"line":237,"column":8},"end":{"line":276,"column":3}},{"start":{"line":249,"column":10},"end":{"line":276,"column":3}}],"line":237},"12":{"loc":{"start":{"line":261,"column":8},"end":{"line":261,"column":32}},"type":"if","locations":[{"start":{"line":261,"column":8},"end":{"line":261,"column":32}},{"start":{},"end":{}}],"line":261},"13":{"loc":{"start":{"line":281,"column":10},"end":{"line":281,"column":38}},"type":"if","locations":[{"start":{"line":281,"column":10},"end":{"line":281,"column":38}},{"start":{},"end":{}}],"line":281},"14":{"loc":{"start":{"line":288,"column":4},"end":{"line":301,"column":3}},"type":"if","locations":[{"start":{"line":288,"column":4},"end":{"line":301,"column":3}},{"start":{"line":289,"column":8},"end":{"line":301,"column":3}}],"line":288},"15":{"loc":{"start":{"line":290,"column":4},"end":{"line":300,"column":5}},"type":"if","locations":[{"start":{"line":290,"column":4},"end":{"line":300,"column":5}},{"start":{"line":298,"column":8},"end":{"line":300,"column":5}}],"line":290},"16":{"loc":{"start":{"line":306,"column":4},"end":{"line":308,"column":5}},"type":"if","locations":[{"start":{"line":306,"column":4},"end":{"line":308,"column":5}},{"start":{},"end":{}}],"line":306},"17":{"loc":{"start":{"line":312,"column":8},"end":{"line":315,"column":9}},"type":"if","locations":[{"start":{"line":312,"column":8},"end":{"line":315,"column":9}},{"start":{},"end":{}}],"line":312},"18":{"loc":{"start":{"line":316,"column":8},"end":{"line":343,"column":5}},"type":"if","locations":[{"start":{"line":316,"column":8},"end":{"line":343,"column":5}},{"start":{"line":317,"column":12},"end":{"line":343,"column":5}}],"line":316},"19":{"loc":{"start":{"line":322,"column":12},"end":{"line":325,"column":13}},"type":"if","locations":[{"start":{"line":322,"column":12},"end":{"line":325,"column":13}},{"start":{},"end":{}}],"line":322},"20":{"loc":{"start":{"line":327,"column":12},"end":{"line":329,"column":13}},"type":"if","locations":[{"start":{"line":327,"column":12},"end":{"line":329,"column":13}},{"start":{},"end":{}}],"line":327},"21":{"loc":{"start":{"line":334,"column":16},"end":{"line":337,"column":17}},"type":"if","locations":[{"start":{"line":334,"column":16},"end":{"line":337,"column":17}},{"start":{},"end":{}}],"line":334},"22":{"loc":{"start":{"line":356,"column":6},"end":{"line":360,"column":7}},"type":"if","locations":[{"start":{"line":356,"column":6},"end":{"line":360,"column":7}},{"start":{"line":358,"column":13},"end":{"line":360,"column":7}}],"line":356},"23":{"loc":{"start":{"line":379,"column":4},"end":{"line":381,"column":5}},"type":"if","locations":[{"start":{"line":379,"column":4},"end":{"line":381,"column":5}},{"start":{},"end":{}}],"line":379},"24":{"loc":{"start":{"line":383,"column":4},"end":{"line":400,"column":3}},"type":"if","locations":[{"start":{"line":383,"column":4},"end":{"line":400,"column":3}},{"start":{"line":396,"column":9},"end":{"line":400,"column":3}}],"line":383},"25":{"loc":{"start":{"line":383,"column":7},"end":{"line":383,"column":50}},"type":"binary-expr","locations":[{"start":{"line":383,"column":7},"end":{"line":383,"column":28}},{"start":{"line":383,"column":32},"end":{"line":383,"column":50}}],"line":383},"26":{"loc":{"start":{"line":387,"column":8},"end":{"line":394,"column":9}},"type":"if","locations":[{"start":{"line":387,"column":8},"end":{"line":394,"column":9}},{"start":{"line":391,"column":14},"end":{"line":394,"column":9}}],"line":387},"27":{"loc":{"start":{"line":517,"column":4},"end":{"line":525,"column":5}},"type":"if","locations":[{"start":{"line":517,"column":4},"end":{"line":525,"column":5}},{"start":{"line":523,"column":9},"end":{"line":525,"column":5}}],"line":517},"28":{"loc":{"start":{"line":532,"column":4},"end":{"line":558,"column":5}},"type":"if","locations":[{"start":{"line":532,"column":4},"end":{"line":558,"column":5}},{"start":{"line":538,"column":11},"end":{"line":558,"column":5}}],"line":532},"29":{"loc":{"start":{"line":532,"column":7},"end":{"line":532,"column":34}},"type":"binary-expr","locations":[{"start":{"line":532,"column":7},"end":{"line":532,"column":12}},{"start":{"line":532,"column":16},"end":{"line":532,"column":25}},{"start":{"line":532,"column":29},"end":{"line":532,"column":34}}],"line":532},"30":{"loc":{"start":{"line":540,"column":8},"end":{"line":544,"column":9}},"type":"if","locations":[{"start":{"line":540,"column":8},"end":{"line":544,"column":9}},{"start":{},"end":{}}],"line":540},"31":{"loc":{"start":{"line":566,"column":8},"end":{"line":598,"column":5}},"type":"if","locations":[{"start":{"line":566,"column":8},"end":{"line":598,"column":5}},{"start":{"line":570,"column":13},"end":{"line":598,"column":5}}],"line":566},"32":{"loc":{"start":{"line":570,"column":13},"end":{"line":598,"column":5}},"type":"if","locations":[{"start":{"line":570,"column":13},"end":{"line":598,"column":5}},{"start":{"line":574,"column":12},"end":{"line":598,"column":5}}],"line":570},"33":{"loc":{"start":{"line":576,"column":10},"end":{"line":597,"column":9}},"type":"if","locations":[{"start":{"line":576,"column":10},"end":{"line":597,"column":9}},{"start":{"line":580,"column":15},"end":{"line":597,"column":9}}],"line":576},"34":{"loc":{"start":{"line":580,"column":15},"end":{"line":597,"column":9}},"type":"if","locations":[{"start":{"line":580,"column":15},"end":{"line":597,"column":9}},{"start":{"line":585,"column":12},"end":{"line":597,"column":9}}],"line":580}},"s":{"0":1,"1":1,"2":1,"3":1,"4":1,"5":1,"6":1,"7":1,"8":1,"9":1,"10":1,"11":1,"12":1,"13":0,"14":1,"15":0,"16":0,"17":1,"18":0,"19":0,"20":0,"21":0,"22":0,"23":0,"24":0,"25":0,"26":0,"27":0,"28":0,"29":0,"30":0,"31":0,"32":0,"33":0,"34":0,"35":0,"36":0,"37":0,"38":0,"39":0,"40":0,"41":0,"42":0,"43":0,"44":0,"45":0,"46":0,"47":0,"48":0,"49":1,"50":0,"51":0,"52":0,"53":0,"54":0,"55":0,"56":0,"57":1,"58":0,"59":0,"60":0,"61":0,"62":0,"63":0,"64":0,"65":1,"66":2,"67":2,"68":1,"69":1,"70":1,"71":1,"72":0,"73":0,"74":0,"75":0,"76":0,"77":0,"78":0,"79":0,"80":0,"81":0,"82":0,"83":0,"84":0,"85":0,"86":0,"87":0,"88":0,"89":0,"90":0,"91":0,"92":0,"93":0,"94":0,"95":0,"96":0,"97":0,"98":1,"99":0,"100":0,"101":0,"102":0,"103":0,"104":0,"105":0,"106":0,"107":0,"108":0,"109":0,"110":0,"111":0,"112":0,"113":0,"114":0,"115":0,"116":0,"117":0,"118":0,"119":0,"120":0,"121":0,"122":0,"123":0,"124":0,"125":0,"126":0,"127":0,"128":0,"129":0,"130":0,"131":0,"132":0,"133":0,"134":0,"135":0,"136":0,"137":0,"138":0,"139":1,"140":0,"141":0,"142":0,"143":0,"144":0,"145":0,"146":0,"147":0,"148":1,"149":0,"150":0,"151":0,"152":0,"153":0,"154":0,"155":0,"156":0,"157":0,"158":0,"159":0,"160":0,"161":0,"162":0,"163":0,"164":0,"165":0,"166":0,"167":0,"168":0,"169":0,"170":0,"171":0,"172":1,"173":0,"174":1,"175":0,"176":1,"177":0,"178":0,"179":0,"180":0,"181":0,"182":0,"183":0,"184":0,"185":1,"186":0,"187":0,"188":0,"189":0,"190":0,"191":0,"192":0,"193":0,"194":0,"195":0,"196":0,"197":0,"198":0,"199":0,"200":0,"201":0,"202":0,"203":0,"204":0,"205":0,"206":1,"207":0,"208":1,"209":1,"210":1,"211":0,"212":0,"213":0,"214":0,"215":0,"216":0,"217":0,"218":0,"219":1,"220":0,"221":0,"222":0,"223":0,"224":0,"225":0,"226":0,"227":0,"228":0,"229":0,"230":0,"231":0,"232":0,"233":0,"234":0,"235":0,"236":0,"237":0,"238":0,"239":0,"240":0,"241":0,"242":0,"243":0,"244":1,"245":0,"246":0,"247":0,"248":0,"249":0,"250":0,"251":0,"252":0,"253":0,"254":0,"255":0,"256":0,"257":0,"258":0,"259":0,"260":0,"261":0,"262":0,"263":0,"264":0,"265":0,"266":0,"267":0,"268":0,"269":0,"270":1,"271":1},"f":{"0":0,"1":0,"2":0,"3":0,"4":0,"5":0,"6":0,"7":0,"8":0,"9":0,"10":0,"11":0,"12":2,"13":0,"14":0,"15":0,"16":0,"17":0,"18":0,"19":0,"20":0,"21":0,"22":0,"23":0,"24":0,"25":0,"26":0,"27":0,"28":0,"29":0,"30":0,"31":0,"32":0,"33":0,"34":0,"35":0,"36":0,"37":0,"38":0,"39":0,"40":0,"41":0},"b":{"0":[0,0],"1":[0,0],"2":[0,0],"3":[0,0],"4":[0,0],"5":[0,0],"6":[0,0],"7":[0,0],"8":[0,0],"9":[0,0],"10":[0,0],"11":[0,0],"12":[0,0],"13":[0,0],"14":[0,0],"15":[0,0],"16":[0,0],"17":[0,0],"18":[0,0],"19":[0,0],"20":[0,0],"21":[0,0],"22":[0,0],"23":[0,0],"24":[0,0],"25":[0,0],"26":[0,0],"27":[0,0],"28":[0,0],"29":[0,0,0],"30":[0,0],"31":[0,0],"32":[0,0],"33":[0,0],"34":[0,0]},"_coverageSchema":"1a1c01bbd47fc00a2c39e90264f33305004495a9","hash":"13d268d02961e6ac1f9eb8da545fcbae82dbb699"}
}
