<?xml version="1.0" encoding="UTF-8"?>
<coverage generated="1746627395187" clover="3.2.0">
  <project timestamp="1746627395187" name="All files">
    <metrics statements="268" coveredstatements="39" conditionals="71" coveredconditionals="0" methods="42" coveredmethods="1" elements="381" coveredelements="40" complexity="0" loc="268" ncloc="268" packages="1" files="1" classes="1"/>
    <file name="router.js" path="D:\best\github\FirstProject\TaskTracker-nginx\router\router.js">
      <metrics statements="268" coveredstatements="39" conditionals="71" coveredconditionals="0" methods="42" coveredmethods="1"/>
      <line num="1" count="1" type="stmt"/>
      <line num="2" count="1" type="stmt"/>
      <line num="3" count="1" type="stmt"/>
      <line num="4" count="1" type="stmt"/>
      <line num="5" count="1" type="stmt"/>
      <line num="6" count="1" type="stmt"/>
      <line num="7" count="1" type="stmt"/>
      <line num="8" count="1" type="stmt"/>
      <line num="9" count="1" type="stmt"/>
      <line num="10" count="1" type="stmt"/>
      <line num="12" count="1" type="stmt"/>
      <line num="13" count="1" type="stmt"/>
      <line num="16" count="1" type="stmt"/>
      <line num="17" count="0" type="stmt"/>
      <line num="21" count="1" type="stmt"/>
      <line num="22" count="0" type="stmt"/>
      <line num="23" count="0" type="stmt"/>
      <line num="32" count="1" type="stmt"/>
      <line num="33" count="0" type="cond" truecount="0" falsecount="2"/>
      <line num="34" count="0" type="stmt"/>
      <line num="36" count="0" type="cond" truecount="0" falsecount="2"/>
      <line num="38" count="0" type="cond" truecount="0" falsecount="2"/>
      <line num="39" count="0" type="stmt"/>
      <line num="40" count="0" type="cond" truecount="0" falsecount="2"/>
      <line num="41" count="0" type="stmt"/>
      <line num="42" count="0" type="stmt"/>
      <line num="46" count="0" type="stmt"/>
      <line num="47" count="0" type="stmt"/>
      <line num="50" count="0" type="stmt"/>
      <line num="51" count="0" type="stmt"/>
      <line num="53" count="0" type="stmt"/>
      <line num="56" count="0" type="stmt"/>
      <line num="60" count="0" type="stmt"/>
      <line num="61" count="0" type="cond" truecount="0" falsecount="2"/>
      <line num="62" count="0" type="stmt"/>
      <line num="64" count="0" type="cond" truecount="0" falsecount="2"/>
      <line num="65" count="0" type="stmt"/>
      <line num="66" count="0" type="cond" truecount="0" falsecount="2"/>
      <line num="67" count="0" type="stmt"/>
      <line num="68" count="0" type="stmt"/>
      <line num="71" count="0" type="stmt"/>
      <line num="72" count="0" type="stmt"/>
      <line num="75" count="0" type="stmt"/>
      <line num="76" count="0" type="stmt"/>
      <line num="78" count="0" type="stmt"/>
      <line num="81" count="0" type="stmt"/>
      <line num="86" count="0" type="stmt"/>
      <line num="87" count="0" type="stmt"/>
      <line num="88" count="0" type="stmt"/>
      <line num="91" count="1" type="stmt"/>
      <line num="92" count="0" type="stmt"/>
      <line num="93" count="0" type="stmt"/>
      <line num="103" count="0" type="stmt"/>
      <line num="104" count="0" type="cond" truecount="0" falsecount="2"/>
      <line num="105" count="0" type="stmt"/>
      <line num="106" count="0" type="stmt"/>
      <line num="108" count="0" type="stmt"/>
      <line num="113" count="1" type="stmt"/>
      <line num="114" count="0" type="stmt"/>
      <line num="115" count="0" type="stmt"/>
      <line num="125" count="0" type="stmt"/>
      <line num="126" count="0" type="cond" truecount="0" falsecount="2"/>
      <line num="127" count="0" type="stmt"/>
      <line num="128" count="0" type="stmt"/>
      <line num="130" count="0" type="stmt"/>
      <line num="135" count="1" type="stmt"/>
      <line num="138" count="2" type="stmt"/>
      <line num="139" count="2" type="stmt"/>
      <line num="140" count="1" type="stmt"/>
      <line num="141" count="1" type="stmt"/>
      <line num="144" count="1" type="stmt"/>
      <line num="147" count="1" type="stmt"/>
      <line num="148" count="0" type="stmt"/>
      <line num="149" count="0" type="stmt"/>
      <line num="150" count="0" type="stmt"/>
      <line num="151" count="0" type="stmt"/>
      <line num="155" count="0" type="cond" truecount="0" falsecount="2"/>
      <line num="156" count="0" type="stmt"/>
      <line num="159" count="0" type="stmt"/>
      <line num="174" count="0" type="stmt"/>
      <line num="175" count="0" type="stmt"/>
      <line num="177" count="0" type="stmt"/>
      <line num="180" count="0" type="stmt"/>
      <line num="181" count="0" type="stmt"/>
      <line num="182" count="0" type="stmt"/>
      <line num="183" count="0" type="stmt"/>
      <line num="184" count="0" type="stmt"/>
      <line num="191" count="0" type="stmt"/>
      <line num="197" count="0" type="stmt"/>
      <line num="198" count="0" type="stmt"/>
      <line num="199" count="0" type="stmt"/>
      <line num="200" count="0" type="stmt"/>
      <line num="201" count="0" type="stmt"/>
      <line num="203" count="0" type="stmt"/>
      <line num="204" count="0" type="stmt"/>
      <line num="205" count="0" type="stmt"/>
      <line num="206" count="0" type="stmt"/>
      <line num="207" count="0" type="stmt"/>
      <line num="210" count="1" type="stmt"/>
      <line num="211" count="0" type="stmt"/>
      <line num="213" count="0" type="stmt"/>
      <line num="214" count="0" type="stmt"/>
      <line num="215" count="0" type="stmt"/>
      <line num="216" count="0" type="cond" truecount="0" falsecount="2"/>
      <line num="217" count="0" type="stmt"/>
      <line num="219" count="0" type="stmt"/>
      <line num="220" count="0" type="stmt"/>
      <line num="221" count="0" type="stmt"/>
      <line num="223" count="0" type="stmt"/>
      <line num="224" count="0" type="stmt"/>
      <line num="231" count="0" type="stmt"/>
      <line num="232" count="0" type="stmt"/>
      <line num="233" count="0" type="stmt"/>
      <line num="234" count="0" type="stmt"/>
      <line num="235" count="0" type="stmt"/>
      <line num="236" count="0" type="stmt"/>
      <line num="237" count="0" type="cond" truecount="0" falsecount="2"/>
      <line num="239" count="0" type="stmt"/>
      <line num="240" count="0" type="stmt"/>
      <line num="245" count="0" type="stmt"/>
      <line num="246" count="0" type="stmt"/>
      <line num="247" count="0" type="stmt"/>
      <line num="250" count="0" type="stmt"/>
      <line num="251" count="0" type="stmt"/>
      <line num="252" count="0" type="stmt"/>
      <line num="253" count="0" type="stmt"/>
      <line num="261" count="0" type="cond" truecount="0" falsecount="2"/>
      <line num="262" count="0" type="stmt"/>
      <line num="263" count="0" type="stmt"/>
      <line num="264" count="0" type="stmt"/>
      <line num="269" count="0" type="stmt"/>
      <line num="270" count="0" type="stmt"/>
      <line num="271" count="0" type="stmt"/>
      <line num="279" count="0" type="stmt"/>
      <line num="280" count="0" type="stmt"/>
      <line num="281" count="0" type="cond" truecount="0" falsecount="2"/>
      <line num="282" count="0" type="stmt"/>
      <line num="286" count="1" type="stmt"/>
      <line num="288" count="0" type="cond" truecount="0" falsecount="2"/>
      <line num="290" count="0" type="cond" truecount="0" falsecount="2"/>
      <line num="291" count="0" type="stmt"/>
      <line num="292" count="0" type="stmt"/>
      <line num="293" count="0" type="stmt"/>
      <line num="295" count="0" type="stmt"/>
      <line num="299" count="0" type="stmt"/>
      <line num="303" count="1" type="stmt"/>
      <line num="304" count="0" type="stmt"/>
      <line num="305" count="0" type="stmt"/>
      <line num="306" count="0" type="cond" truecount="0" falsecount="2"/>
      <line num="307" count="0" type="stmt"/>
      <line num="311" count="0" type="stmt"/>
      <line num="312" count="0" type="cond" truecount="0" falsecount="2"/>
      <line num="313" count="0" type="stmt"/>
      <line num="314" count="0" type="stmt"/>
      <line num="316" count="0" type="cond" truecount="0" falsecount="2"/>
      <line num="318" count="0" type="stmt"/>
      <line num="321" count="0" type="stmt"/>
      <line num="322" count="0" type="cond" truecount="0" falsecount="2"/>
      <line num="323" count="0" type="stmt"/>
      <line num="324" count="0" type="stmt"/>
      <line num="327" count="0" type="cond" truecount="0" falsecount="2"/>
      <line num="328" count="0" type="stmt"/>
      <line num="332" count="0" type="stmt"/>
      <line num="333" count="0" type="stmt"/>
      <line num="334" count="0" type="cond" truecount="0" falsecount="2"/>
      <line num="335" count="0" type="stmt"/>
      <line num="336" count="0" type="stmt"/>
      <line num="338" count="0" type="stmt"/>
      <line num="345" count="1" type="stmt"/>
      <line num="346" count="0" type="stmt"/>
      <line num="348" count="1" type="stmt"/>
      <line num="349" count="0" type="stmt"/>
      <line num="351" count="1" type="stmt"/>
      <line num="352" count="0" type="stmt"/>
      <line num="353" count="0" type="stmt"/>
      <line num="354" count="0" type="stmt"/>
      <line num="355" count="0" type="stmt"/>
      <line num="356" count="0" type="cond" truecount="0" falsecount="2"/>
      <line num="357" count="0" type="stmt"/>
      <line num="359" count="0" type="stmt"/>
      <line num="362" count="0" type="stmt"/>
      <line num="373" count="1" type="stmt"/>
      <line num="374" count="0" type="stmt"/>
      <line num="375" count="0" type="stmt"/>
      <line num="376" count="0" type="stmt"/>
      <line num="377" count="0" type="stmt"/>
      <line num="378" count="0" type="stmt"/>
      <line num="379" count="0" type="cond" truecount="0" falsecount="2"/>
      <line num="380" count="0" type="stmt"/>
      <line num="382" count="0" type="stmt"/>
      <line num="383" count="0" type="cond" truecount="0" falsecount="4"/>
      <line num="384" count="0" type="stmt"/>
      <line num="385" count="0" type="stmt"/>
      <line num="386" count="0" type="stmt"/>
      <line num="387" count="0" type="cond" truecount="0" falsecount="2"/>
      <line num="388" count="0" type="stmt"/>
      <line num="389" count="0" type="stmt"/>
      <line num="390" count="0" type="stmt"/>
      <line num="392" count="0" type="stmt"/>
      <line num="393" count="0" type="stmt"/>
      <line num="397" count="0" type="stmt"/>
      <line num="398" count="0" type="stmt"/>
      <line num="402" count="1" type="stmt"/>
      <line num="403" count="0" type="stmt"/>
      <line num="405" count="1" type="stmt"/>
      <line num="463" count="1" type="stmt"/>
      <line num="514" count="1" type="stmt"/>
      <line num="515" count="0" type="stmt"/>
      <line num="516" count="0" type="stmt"/>
      <line num="517" count="0" type="cond" truecount="0" falsecount="2"/>
      <line num="518" count="0" type="stmt"/>
      <line num="519" count="0" type="stmt"/>
      <line num="520" count="0" type="stmt"/>
      <line num="521" count="0" type="stmt"/>
      <line num="524" count="0" type="stmt"/>
      <line num="527" count="1" type="stmt"/>
      <line num="528" count="0" type="stmt"/>
      <line num="529" count="0" type="stmt"/>
      <line num="530" count="0" type="stmt"/>
      <line num="531" count="0" type="stmt"/>
      <line num="532" count="0" type="cond" truecount="0" falsecount="5"/>
      <line num="533" count="0" type="stmt"/>
      <line num="534" count="0" type="stmt"/>
      <line num="535" count="0" type="stmt"/>
      <line num="536" count="0" type="stmt"/>
      <line num="537" count="0" type="stmt"/>
      <line num="539" count="0" type="stmt"/>
      <line num="540" count="0" type="cond" truecount="0" falsecount="2"/>
      <line num="541" count="0" type="stmt"/>
      <line num="542" count="0" type="stmt"/>
      <line num="543" count="0" type="stmt"/>
      <line num="545" count="0" type="stmt"/>
      <line num="546" count="0" type="stmt"/>
      <line num="547" count="0" type="stmt"/>
      <line num="548" count="0" type="stmt"/>
      <line num="549" count="0" type="stmt"/>
      <line num="550" count="0" type="stmt"/>
      <line num="551" count="0" type="stmt"/>
      <line num="552" count="0" type="stmt"/>
      <line num="553" count="0" type="stmt"/>
      <line num="561" count="1" type="stmt"/>
      <line num="562" count="0" type="stmt"/>
      <line num="563" count="0" type="stmt"/>
      <line num="564" count="0" type="stmt"/>
      <line num="565" count="0" type="stmt"/>
      <line num="566" count="0" type="cond" truecount="0" falsecount="2"/>
      <line num="567" count="0" type="stmt"/>
      <line num="568" count="0" type="stmt"/>
      <line num="570" count="0" type="cond" truecount="0" falsecount="2"/>
      <line num="571" count="0" type="stmt"/>
      <line num="572" count="0" type="stmt"/>
      <line num="575" count="0" type="stmt"/>
      <line num="576" count="0" type="cond" truecount="0" falsecount="2"/>
      <line num="577" count="0" type="stmt"/>
      <line num="578" count="0" type="stmt"/>
      <line num="580" count="0" type="cond" truecount="0" falsecount="2"/>
      <line num="581" count="0" type="stmt"/>
      <line num="582" count="0" type="stmt"/>
      <line num="583" count="0" type="stmt"/>
      <line num="586" count="0" type="stmt"/>
      <line num="587" count="0" type="stmt"/>
      <line num="592" count="0" type="stmt"/>
      <line num="593" count="0" type="stmt"/>
      <line num="594" count="0" type="stmt"/>
      <line num="595" count="0" type="stmt"/>
      <line num="596" count="0" type="stmt"/>
      <line num="603" count="1" type="stmt"/>
      <line num="604" count="1" type="stmt"/>
    </file>
  </project>
</coverage>
