TN:
SF:router\router.js
FN:16,(anonymous_0)
FN:21,(anonymous_1)
FN:32,(anonymous_2)
FN:39,(anonymous_3)
FN:60,(anonymous_4)
FN:65,(anonymous_5)
FN:91,(anonymous_6)
FN:92,(anonymous_7)
FN:103,(anonymous_8)
FN:113,(anonymous_9)
FN:114,(anonymous_10)
FN:125,(anonymous_11)
FN:137,hashPassword
FN:147,(anonymous_13)
FN:210,(anonymous_14)
FN:215,(anonymous_15)
FN:235,(anonymous_16)
FN:253,(anonymous_17)
FN:278,queryDB
FN:279,(anonymous_19)
FN:280,(anonymous_20)
FN:286,(anonymous_21)
FN:303,(anonymous_22)
FN:311,(anonymous_23)
FN:321,(anonymous_24)
FN:333,(anonymous_25)
FN:345,(anonymous_26)
FN:348,(anonymous_27)
FN:351,(anonymous_28)
FN:355,(anonymous_29)
FN:373,(anonymous_30)
FN:382,(anonymous_31)
FN:386,(anonymous_32)
FN:402,(anonymous_33)
FN:514,(anonymous_34)
FN:518,(anonymous_35)
FN:527,(anonymous_36)
FN:539,(anonymous_37)
FN:545,(anonymous_38)
FN:550,(anonymous_39)
FN:561,(anonymous_40)
FN:565,(anonymous_41)
FNF:42
FNH:1
FNDA:0,(anonymous_0)
FNDA:0,(anonymous_1)
FNDA:0,(anonymous_2)
FNDA:0,(anonymous_3)
FNDA:0,(anonymous_4)
FNDA:0,(anonymous_5)
FNDA:0,(anonymous_6)
FNDA:0,(anonymous_7)
FNDA:0,(anonymous_8)
FNDA:0,(anonymous_9)
FNDA:0,(anonymous_10)
FNDA:0,(anonymous_11)
FNDA:2,hashPassword
FNDA:0,(anonymous_13)
FNDA:0,(anonymous_14)
FNDA:0,(anonymous_15)
FNDA:0,(anonymous_16)
FNDA:0,(anonymous_17)
FNDA:0,queryDB
FNDA:0,(anonymous_19)
FNDA:0,(anonymous_20)
FNDA:0,(anonymous_21)
FNDA:0,(anonymous_22)
FNDA:0,(anonymous_23)
FNDA:0,(anonymous_24)
FNDA:0,(anonymous_25)
FNDA:0,(anonymous_26)
FNDA:0,(anonymous_27)
FNDA:0,(anonymous_28)
FNDA:0,(anonymous_29)
FNDA:0,(anonymous_30)
FNDA:0,(anonymous_31)
FNDA:0,(anonymous_32)
FNDA:0,(anonymous_33)
FNDA:0,(anonymous_34)
FNDA:0,(anonymous_35)
FNDA:0,(anonymous_36)
FNDA:0,(anonymous_37)
FNDA:0,(anonymous_38)
FNDA:0,(anonymous_39)
FNDA:0,(anonymous_40)
FNDA:0,(anonymous_41)
DA:1,1
DA:2,1
DA:3,1
DA:4,1
DA:5,1
DA:6,1
DA:7,1
DA:8,1
DA:9,1
DA:10,1
DA:12,1
DA:13,1
DA:16,1
DA:17,0
DA:21,1
DA:22,0
DA:23,0
DA:32,1
DA:33,0
DA:34,0
DA:36,0
DA:38,0
DA:39,0
DA:40,0
DA:41,0
DA:42,0
DA:46,0
DA:47,0
DA:50,0
DA:51,0
DA:53,0
DA:56,0
DA:60,0
DA:61,0
DA:62,0
DA:64,0
DA:65,0
DA:66,0
DA:67,0
DA:68,0
DA:71,0
DA:72,0
DA:75,0
DA:76,0
DA:78,0
DA:81,0
DA:86,0
DA:87,0
DA:88,0
DA:91,1
DA:92,0
DA:93,0
DA:103,0
DA:104,0
DA:105,0
DA:106,0
DA:108,0
DA:113,1
DA:114,0
DA:115,0
DA:125,0
DA:126,0
DA:127,0
DA:128,0
DA:130,0
DA:135,1
DA:138,2
DA:139,2
DA:140,1
DA:141,1
DA:144,1
DA:147,1
DA:148,0
DA:149,0
DA:150,0
DA:151,0
DA:155,0
DA:156,0
DA:159,0
DA:174,0
DA:175,0
DA:177,0
DA:180,0
DA:181,0
DA:182,0
DA:183,0
DA:184,0
DA:191,0
DA:197,0
DA:198,0
DA:199,0
DA:200,0
DA:201,0
DA:203,0
DA:204,0
DA:205,0
DA:206,0
DA:207,0
DA:210,1
DA:211,0
DA:213,0
DA:214,0
DA:215,0
DA:216,0
DA:217,0
DA:219,0
DA:220,0
DA:221,0
DA:223,0
DA:224,0
DA:231,0
DA:232,0
DA:233,0
DA:234,0
DA:235,0
DA:236,0
DA:237,0
DA:239,0
DA:240,0
DA:245,0
DA:246,0
DA:247,0
DA:250,0
DA:251,0
DA:252,0
DA:253,0
DA:261,0
DA:262,0
DA:263,0
DA:264,0
DA:269,0
DA:270,0
DA:271,0
DA:279,0
DA:280,0
DA:281,0
DA:282,0
DA:286,1
DA:288,0
DA:290,0
DA:291,0
DA:292,0
DA:293,0
DA:295,0
DA:299,0
DA:303,1
DA:304,0
DA:305,0
DA:306,0
DA:307,0
DA:311,0
DA:312,0
DA:313,0
DA:314,0
DA:316,0
DA:318,0
DA:321,0
DA:322,0
DA:323,0
DA:324,0
DA:327,0
DA:328,0
DA:332,0
DA:333,0
DA:334,0
DA:335,0
DA:336,0
DA:338,0
DA:345,1
DA:346,0
DA:348,1
DA:349,0
DA:351,1
DA:352,0
DA:353,0
DA:354,0
DA:355,0
DA:356,0
DA:357,0
DA:359,0
DA:362,0
DA:373,1
DA:374,0
DA:375,0
DA:376,0
DA:377,0
DA:378,0
DA:379,0
DA:380,0
DA:382,0
DA:383,0
DA:384,0
DA:385,0
DA:386,0
DA:387,0
DA:388,0
DA:389,0
DA:390,0
DA:392,0
DA:393,0
DA:397,0
DA:398,0
DA:402,1
DA:403,0
DA:405,1
DA:463,1
DA:514,1
DA:515,0
DA:516,0
DA:517,0
DA:518,0
DA:519,0
DA:520,0
DA:521,0
DA:524,0
DA:527,1
DA:528,0
DA:529,0
DA:530,0
DA:531,0
DA:532,0
DA:533,0
DA:534,0
DA:535,0
DA:536,0
DA:537,0
DA:539,0
DA:540,0
DA:541,0
DA:542,0
DA:543,0
DA:545,0
DA:546,0
DA:547,0
DA:548,0
DA:549,0
DA:550,0
DA:551,0
DA:552,0
DA:553,0
DA:561,1
DA:562,0
DA:563,0
DA:564,0
DA:565,0
DA:566,0
DA:567,0
DA:568,0
DA:570,0
DA:571,0
DA:572,0
DA:575,0
DA:576,0
DA:577,0
DA:578,0
DA:580,0
DA:581,0
DA:582,0
DA:583,0
DA:586,0
DA:587,0
DA:592,0
DA:593,0
DA:594,0
DA:595,0
DA:596,0
DA:603,1
DA:604,1
LF:268
LH:39
BRDA:33,0,0,0
BRDA:33,0,1,0
BRDA:36,1,0,0
BRDA:36,1,1,0
BRDA:38,2,0,0
BRDA:38,2,1,0
BRDA:40,3,0,0
BRDA:40,3,1,0
BRDA:61,4,0,0
BRDA:61,4,1,0
BRDA:64,5,0,0
BRDA:64,5,1,0
BRDA:66,6,0,0
BRDA:66,6,1,0
BRDA:104,7,0,0
BRDA:104,7,1,0
BRDA:126,8,0,0
BRDA:126,8,1,0
BRDA:155,9,0,0
BRDA:155,9,1,0
BRDA:216,10,0,0
BRDA:216,10,1,0
BRDA:237,11,0,0
BRDA:237,11,1,0
BRDA:261,12,0,0
BRDA:261,12,1,0
BRDA:281,13,0,0
BRDA:281,13,1,0
BRDA:288,14,0,0
BRDA:288,14,1,0
BRDA:290,15,0,0
BRDA:290,15,1,0
BRDA:306,16,0,0
BRDA:306,16,1,0
BRDA:312,17,0,0
BRDA:312,17,1,0
BRDA:316,18,0,0
BRDA:316,18,1,0
BRDA:322,19,0,0
BRDA:322,19,1,0
BRDA:327,20,0,0
BRDA:327,20,1,0
BRDA:334,21,0,0
BRDA:334,21,1,0
BRDA:356,22,0,0
BRDA:356,22,1,0
BRDA:379,23,0,0
BRDA:379,23,1,0
BRDA:383,24,0,0
BRDA:383,24,1,0
BRDA:383,25,0,0
BRDA:383,25,1,0
BRDA:387,26,0,0
BRDA:387,26,1,0
BRDA:517,27,0,0
BRDA:517,27,1,0
BRDA:532,28,0,0
BRDA:532,28,1,0
BRDA:532,29,0,0
BRDA:532,29,1,0
BRDA:532,29,2,0
BRDA:540,30,0,0
BRDA:540,30,1,0
BRDA:566,31,0,0
BRDA:566,31,1,0
BRDA:570,32,0,0
BRDA:570,32,1,0
BRDA:576,33,0,0
BRDA:576,33,1,0
BRDA:580,34,0,0
BRDA:580,34,1,0
BRF:71
BRH:0
end_of_record
